2024-10-14T14:12:32.519+07:00  INFO 25288 --- [stockman] [restartedMain] com.api.stockman.StockmanApplication     : Starting StockmanApplication using Java 21.0.1 with PID 25288 (C:\laragon\www\api-stockman\target\classes started by TRXDev in C:\laragon\www\api-stockman)
2024-10-14T14:12:32.519+07:00  INFO 25288 --- [stockman] [restartedMain] com.api.stockman.StockmanApplication     : No active profile set, falling back to 1 default profile: "default"
2024-10-14T14:12:32.639+07:00  INFO 25288 --- [stockman] [restartedMain] .s.d.r.c.RepositoryConfigurationDelegate : Bootstrapping Spring Data JPA repositories in DEFAULT mode.
2024-10-14T14:12:32.646+07:00  INFO 25288 --- [stockman] [restartedMain] .s.d.r.c.RepositoryConfigurationDelegate : Finished Spring Data repository scanning in 5 ms. Found 1 JPA repository interface.
2024-10-14T14:12:32.717+07:00  INFO 25288 --- [stockman] [restartedMain] o.s.b.w.embedded.tomcat.TomcatWebServer  : Tomcat initialized with port 8080 (http)
2024-10-14T14:12:32.718+07:00  INFO 25288 --- [stockman] [restartedMain] o.apache.catalina.core.StandardService   : Starting service [Tomcat]
2024-10-14T14:12:32.718+07:00  INFO 25288 --- [stockman] [restartedMain] o.apache.catalina.core.StandardEngine    : Starting Servlet engine: [Apache Tomcat/10.1.30]
2024-10-14T14:12:32.731+07:00  INFO 25288 --- [stockman] [restartedMain] o.a.c.c.C.[Tomcat-2].[localhost].[/]     : Initializing Spring embedded WebApplicationContext
2024-10-14T14:12:32.731+07:00  INFO 25288 --- [stockman] [restartedMain] w.s.c.ServletWebServerApplicationContext : Root WebApplicationContext: initialization completed in 210 ms
2024-10-14T14:12:32.758+07:00  INFO 25288 --- [stockman] [restartedMain] o.hibernate.jpa.internal.util.LogHelper  : HHH000204: Processing PersistenceUnitInfo [name: default]
2024-10-14T14:12:32.759+07:00  INFO 25288 --- [stockman] [restartedMain] o.h.c.internal.RegionFactoryInitiator    : HHH000026: Second-level cache disabled
2024-10-14T14:12:32.765+07:00  INFO 25288 --- [stockman] [restartedMain] o.s.o.j.p.SpringPersistenceUnitInfo      : No LoadTimeWeaver setup: ignoring JPA class transformer
2024-10-14T14:12:32.766+07:00  INFO 25288 --- [stockman] [restartedMain] com.zaxxer.hikari.HikariDataSource       : HikariPool-55 - Starting...
2024-10-14T14:12:32.774+07:00  INFO 25288 --- [stockman] [restartedMain] com.zaxxer.hikari.pool.HikariPool        : HikariPool-55 - Added connection com.mysql.cj.jdbc.ConnectionImpl@4602c55f
2024-10-14T14:12:32.775+07:00  INFO 25288 --- [stockman] [restartedMain] com.zaxxer.hikari.HikariDataSource       : HikariPool-55 - Start completed.
2024-10-14T14:12:32.799+07:00  INFO 25288 --- [stockman] [restartedMain] o.h.e.t.j.p.i.JtaPlatformInitiator       : HHH000489: No JTA platform available (set 'hibernate.transaction.jta.platform' to enable JTA platform integration)
2024-10-14T14:12:32.804+07:00  INFO 25288 --- [stockman] [restartedMain] j.LocalContainerEntityManagerFactoryBean : Initialized JPA EntityManagerFactory for persistence unit 'default'
2024-10-14T14:12:32.847+07:00  WARN 25288 --- [stockman] [restartedMain] JpaBaseConfiguration$JpaWebConfiguration : spring.jpa.open-in-view is enabled by default. Therefore, database queries may be performed during view rendering. Explicitly configure spring.jpa.open-in-view to disable this warning
2024-10-14T14:12:32.913+07:00  INFO 25288 --- [stockman] [restartedMain] o.s.b.d.a.OptionalLiveReloadServer       : LiveReload server is running on port 35729
2024-10-14T14:12:32.919+07:00  INFO 25288 --- [stockman] [restartedMain] o.s.b.w.embedded.tomcat.TomcatWebServer  : Tomcat started on port 8080 (http) with context path '/'
2024-10-14T14:12:32.922+07:00  INFO 25288 --- [stockman] [restartedMain] com.api.stockman.StockmanApplication     : Started StockmanApplication in 0.446 seconds (process running for 2144.542)
2024-10-14T14:12:32.923+07:00  INFO 25288 --- [stockman] [restartedMain] .ConditionEvaluationDeltaLoggingListener : Condition evaluation unchanged
2024-10-14T14:12:46.982+07:00  INFO 25288 --- [stockman] [http-nio-8080-exec-1] o.a.c.c.C.[Tomcat-2].[localhost].[/]     : Initializing Spring DispatcherServlet 'dispatcherServlet'
2024-10-14T14:12:46.982+07:00  INFO 25288 --- [stockman] [http-nio-8080-exec-1] o.s.web.servlet.DispatcherServlet        : Initializing Servlet 'dispatcherServlet'
2024-10-14T14:12:46.983+07:00  INFO 25288 --- [stockman] [http-nio-8080-exec-1] o.s.web.servlet.DispatcherServlet        : Completed initialization in 0 ms
2024-10-14T14:12:46.993+07:00  INFO 25288 --- [stockman] [http-nio-8080-exec-1] c.a.s.controllers.StockmanController     : Created new stock: Stock(id=12, name=refaldid, quantity=10, serialNumber=112233, additionalInfo={catatan=heyo}, imagePath=https://file-examples.com/storage/fea570b16e6703ef79e65b4/2017/10/file_example_JPG_100kB.jpg, createdAt=2024-10-14T14:12:46.987142400, createdBy=admin, updatedAt=null, updatedBy=null)
2024-10-14T14:13:07.488+07:00  INFO 25288 --- [stockman] [http-nio-8080-exec-5] c.a.s.controllers.StockmanController     : Created new stock: Stock(id=13, name=refaldid, quantity=10, serialNumber=112233, additionalInfo={catatan=heyo}, imagePath=https://file-examples.com/storage/fea570b16e6703ef79e65b4/2017/10/file_example_JPG_100kB.jpg, createdAt=2024-10-14T14:13:07.482484500, createdBy=admin, updatedAt=null, updatedBy=null)
2024-10-14T14:13:18.956+07:00 ERROR 25288 --- [stockman] [http-nio-8080-exec-3] c.a.s.controllers.StockmanController     : Error occurred while creating stock
2024-10-14T14:14:04.371+07:00  INFO 25288 --- [stockman] [File Watcher] rtingClassPathChangeChangedEventListener : Restarting due to 2 class path changes (0 additions, 0 deletions, 2 modifications)
2024-10-14T14:14:04.386+07:00  INFO 25288 --- [stockman] [Thread-217] j.LocalContainerEntityManagerFactoryBean : Closing JPA EntityManagerFactory for persistence unit 'default'
2024-10-14T14:14:04.387+07:00  INFO 25288 --- [stockman] [Thread-217] com.zaxxer.hikari.HikariDataSource       : HikariPool-55 - Shutdown initiated...
2024-10-14T14:14:04.391+07:00  INFO 25288 --- [stockman] [Thread-217] com.zaxxer.hikari.HikariDataSource       : HikariPool-55 - Shutdown completed.
2024-10-14T14:14:04.546+07:00  INFO 25288 --- [stockman] [restartedMain] com.api.stockman.StockmanApplication     : Starting StockmanApplication using Java 21.0.1 with PID 25288 (C:\laragon\www\api-stockman\target\classes started by TRXDev in C:\laragon\www\api-stockman)
2024-10-14T14:14:04.546+07:00  INFO 25288 --- [stockman] [restartedMain] com.api.stockman.StockmanApplication     : No active profile set, falling back to 1 default profile: "default"
2024-10-14T14:14:04.657+07:00  INFO 25288 --- [stockman] [restartedMain] .s.d.r.c.RepositoryConfigurationDelegate : Bootstrapping Spring Data JPA repositories in DEFAULT mode.
2024-10-14T14:14:04.662+07:00  INFO 25288 --- [stockman] [restartedMain] .s.d.r.c.RepositoryConfigurationDelegate : Finished Spring Data repository scanning in 5 ms. Found 1 JPA repository interface.
2024-10-14T14:14:04.726+07:00  INFO 25288 --- [stockman] [restartedMain] o.s.b.w.embedded.tomcat.TomcatWebServer  : Tomcat initialized with port 8080 (http)
2024-10-14T14:14:04.728+07:00  INFO 25288 --- [stockman] [restartedMain] o.apache.catalina.core.StandardService   : Starting service [Tomcat]
2024-10-14T14:14:04.728+07:00  INFO 25288 --- [stockman] [restartedMain] o.apache.catalina.core.StandardEngine    : Starting Servlet engine: [Apache Tomcat/10.1.30]
2024-10-14T14:14:04.740+07:00  INFO 25288 --- [stockman] [restartedMain] o.a.c.c.C.[Tomcat-2].[localhost].[/]     : Initializing Spring embedded WebApplicationContext
2024-10-14T14:14:04.740+07:00  INFO 25288 --- [stockman] [restartedMain] w.s.c.ServletWebServerApplicationContext : Root WebApplicationContext: initialization completed in 192 ms
2024-10-14T14:14:04.767+07:00  INFO 25288 --- [stockman] [restartedMain] o.hibernate.jpa.internal.util.LogHelper  : HHH000204: Processing PersistenceUnitInfo [name: default]
2024-10-14T14:14:04.768+07:00  INFO 25288 --- [stockman] [restartedMain] o.h.c.internal.RegionFactoryInitiator    : HHH000026: Second-level cache disabled
2024-10-14T14:14:04.773+07:00  INFO 25288 --- [stockman] [restartedMain] o.s.o.j.p.SpringPersistenceUnitInfo      : No LoadTimeWeaver setup: ignoring JPA class transformer
2024-10-14T14:14:04.774+07:00  INFO 25288 --- [stockman] [restartedMain] com.zaxxer.hikari.HikariDataSource       : HikariPool-56 - Starting...
2024-10-14T14:14:04.783+07:00  INFO 25288 --- [stockman] [restartedMain] com.zaxxer.hikari.pool.HikariPool        : HikariPool-56 - Added connection com.mysql.cj.jdbc.ConnectionImpl@45f4bb04
2024-10-14T14:14:04.784+07:00  INFO 25288 --- [stockman] [restartedMain] com.zaxxer.hikari.HikariDataSource       : HikariPool-56 - Start completed.
2024-10-14T14:14:04.808+07:00  INFO 25288 --- [stockman] [restartedMain] o.h.e.t.j.p.i.JtaPlatformInitiator       : HHH000489: No JTA platform available (set 'hibernate.transaction.jta.platform' to enable JTA platform integration)
2024-10-14T14:14:04.814+07:00  INFO 25288 --- [stockman] [restartedMain] j.LocalContainerEntityManagerFactoryBean : Initialized JPA EntityManagerFactory for persistence unit 'default'
2024-10-14T14:14:04.855+07:00  WARN 25288 --- [stockman] [restartedMain] JpaBaseConfiguration$JpaWebConfiguration : spring.jpa.open-in-view is enabled by default. Therefore, database queries may be performed during view rendering. Explicitly configure spring.jpa.open-in-view to disable this warning
2024-10-14T14:14:04.913+07:00  INFO 25288 --- [stockman] [restartedMain] o.s.b.d.a.OptionalLiveReloadServer       : LiveReload server is running on port 35729
2024-10-14T14:14:04.920+07:00  INFO 25288 --- [stockman] [restartedMain] o.s.b.w.embedded.tomcat.TomcatWebServer  : Tomcat started on port 8080 (http) with context path '/'
2024-10-14T14:14:04.923+07:00  INFO 25288 --- [stockman] [restartedMain] com.api.stockman.StockmanApplication     : Started StockmanApplication in 0.396 seconds (process running for 2236.543)
2024-10-14T14:14:04.925+07:00  INFO 25288 --- [stockman] [restartedMain] .ConditionEvaluationDeltaLoggingListener : Condition evaluation unchanged
2024-10-14T14:14:09.145+07:00  INFO 25288 --- [stockman] [http-nio-8080-exec-1] o.a.c.c.C.[Tomcat-2].[localhost].[/]     : Initializing Spring DispatcherServlet 'dispatcherServlet'
2024-10-14T14:14:09.145+07:00  INFO 25288 --- [stockman] [http-nio-8080-exec-1] o.s.web.servlet.DispatcherServlet        : Initializing Servlet 'dispatcherServlet'
2024-10-14T14:14:09.147+07:00  INFO 25288 --- [stockman] [http-nio-8080-exec-1] o.s.web.servlet.DispatcherServlet        : Completed initialization in 2 ms
2024-10-14T14:14:09.152+07:00 ERROR 25288 --- [stockman] [http-nio-8080-exec-1] c.a.s.controllers.StockmanController     : Error occurred while creating stock
2024-10-14T14:14:33.841+07:00  INFO 25288 --- [stockman] [File Watcher] rtingClassPathChangeChangedEventListener : Restarting due to 2 class path changes (0 additions, 0 deletions, 2 modifications)
2024-10-14T14:14:33.854+07:00  INFO 25288 --- [stockman] [Thread-221] j.LocalContainerEntityManagerFactoryBean : Closing JPA EntityManagerFactory for persistence unit 'default'
2024-10-14T14:14:33.855+07:00  INFO 25288 --- [stockman] [Thread-221] com.zaxxer.hikari.HikariDataSource       : HikariPool-56 - Shutdown initiated...
2024-10-14T14:14:33.857+07:00  INFO 25288 --- [stockman] [Thread-221] com.zaxxer.hikari.HikariDataSource       : HikariPool-56 - Shutdown completed.
2024-10-14T14:14:34.004+07:00  INFO 25288 --- [stockman] [restartedMain] com.api.stockman.StockmanApplication     : Starting StockmanApplication using Java 21.0.1 with PID 25288 (C:\laragon\www\api-stockman\target\classes started by TRXDev in C:\laragon\www\api-stockman)
2024-10-14T14:14:34.005+07:00  INFO 25288 --- [stockman] [restartedMain] com.api.stockman.StockmanApplication     : No active profile set, falling back to 1 default profile: "default"
2024-10-14T14:14:34.115+07:00  INFO 25288 --- [stockman] [restartedMain] .s.d.r.c.RepositoryConfigurationDelegate : Bootstrapping Spring Data JPA repositories in DEFAULT mode.
2024-10-14T14:14:34.120+07:00  INFO 25288 --- [stockman] [restartedMain] .s.d.r.c.RepositoryConfigurationDelegate : Finished Spring Data repository scanning in 4 ms. Found 1 JPA repository interface.
2024-10-14T14:14:34.182+07:00  INFO 25288 --- [stockman] [restartedMain] o.s.b.w.embedded.tomcat.TomcatWebServer  : Tomcat initialized with port 8080 (http)
2024-10-14T14:14:34.183+07:00  INFO 25288 --- [stockman] [restartedMain] o.apache.catalina.core.StandardService   : Starting service [Tomcat]
2024-10-14T14:14:34.184+07:00  INFO 25288 --- [stockman] [restartedMain] o.apache.catalina.core.StandardEngine    : Starting Servlet engine: [Apache Tomcat/10.1.30]
2024-10-14T14:14:34.196+07:00  INFO 25288 --- [stockman] [restartedMain] o.a.c.c.C.[Tomcat-2].[localhost].[/]     : Initializing Spring embedded WebApplicationContext
2024-10-14T14:14:34.197+07:00  INFO 25288 --- [stockman] [restartedMain] w.s.c.ServletWebServerApplicationContext : Root WebApplicationContext: initialization completed in 190 ms
2024-10-14T14:14:34.221+07:00  INFO 25288 --- [stockman] [restartedMain] o.hibernate.jpa.internal.util.LogHelper  : HHH000204: Processing PersistenceUnitInfo [name: default]
2024-10-14T14:14:34.223+07:00  INFO 25288 --- [stockman] [restartedMain] o.h.c.internal.RegionFactoryInitiator    : HHH000026: Second-level cache disabled
2024-10-14T14:14:34.229+07:00  INFO 25288 --- [stockman] [restartedMain] o.s.o.j.p.SpringPersistenceUnitInfo      : No LoadTimeWeaver setup: ignoring JPA class transformer
2024-10-14T14:14:34.229+07:00  INFO 25288 --- [stockman] [restartedMain] com.zaxxer.hikari.HikariDataSource       : HikariPool-57 - Starting...
2024-10-14T14:14:34.236+07:00  INFO 25288 --- [stockman] [restartedMain] com.zaxxer.hikari.pool.HikariPool        : HikariPool-57 - Added connection com.mysql.cj.jdbc.ConnectionImpl@71e6aa40
2024-10-14T14:14:34.237+07:00  INFO 25288 --- [stockman] [restartedMain] com.zaxxer.hikari.HikariDataSource       : HikariPool-57 - Start completed.
2024-10-14T14:14:34.260+07:00  INFO 25288 --- [stockman] [restartedMain] o.h.e.t.j.p.i.JtaPlatformInitiator       : HHH000489: No JTA platform available (set 'hibernate.transaction.jta.platform' to enable JTA platform integration)
2024-10-14T14:14:34.266+07:00  INFO 25288 --- [stockman] [restartedMain] j.LocalContainerEntityManagerFactoryBean : Initialized JPA EntityManagerFactory for persistence unit 'default'
2024-10-14T14:14:34.316+07:00  WARN 25288 --- [stockman] [restartedMain] JpaBaseConfiguration$JpaWebConfiguration : spring.jpa.open-in-view is enabled by default. Therefore, database queries may be performed during view rendering. Explicitly configure spring.jpa.open-in-view to disable this warning
2024-10-14T14:14:34.377+07:00  INFO 25288 --- [stockman] [restartedMain] o.s.b.d.a.OptionalLiveReloadServer       : LiveReload server is running on port 35729
2024-10-14T14:14:34.383+07:00  INFO 25288 --- [stockman] [restartedMain] o.s.b.w.embedded.tomcat.TomcatWebServer  : Tomcat started on port 8080 (http) with context path '/'
2024-10-14T14:14:34.386+07:00  INFO 25288 --- [stockman] [restartedMain] com.api.stockman.StockmanApplication     : Started StockmanApplication in 0.401 seconds (process running for 2266.006)
2024-10-14T14:14:34.392+07:00  INFO 25288 --- [stockman] [restartedMain] .ConditionEvaluationDeltaLoggingListener : Condition evaluation unchanged
2024-10-14T14:14:55.192+07:00  INFO 25288 --- [stockman] [File Watcher] rtingClassPathChangeChangedEventListener : Restarting due to 2 class path changes (0 additions, 0 deletions, 2 modifications)
2024-10-14T14:14:55.206+07:00  INFO 25288 --- [stockman] [Thread-225] j.LocalContainerEntityManagerFactoryBean : Closing JPA EntityManagerFactory for persistence unit 'default'
2024-10-14T14:14:55.206+07:00  INFO 25288 --- [stockman] [Thread-225] com.zaxxer.hikari.HikariDataSource       : HikariPool-57 - Shutdown initiated...
2024-10-14T14:14:55.208+07:00  INFO 25288 --- [stockman] [Thread-225] com.zaxxer.hikari.HikariDataSource       : HikariPool-57 - Shutdown completed.
2024-10-14T14:14:55.347+07:00  INFO 25288 --- [stockman] [restartedMain] com.api.stockman.StockmanApplication     : Starting StockmanApplication using Java 21.0.1 with PID 25288 (C:\laragon\www\api-stockman\target\classes started by TRXDev in C:\laragon\www\api-stockman)
2024-10-14T14:14:55.347+07:00  INFO 25288 --- [stockman] [restartedMain] com.api.stockman.StockmanApplication     : No active profile set, falling back to 1 default profile: "default"
2024-10-14T14:14:55.461+07:00  INFO 25288 --- [stockman] [restartedMain] .s.d.r.c.RepositoryConfigurationDelegate : Bootstrapping Spring Data JPA repositories in DEFAULT mode.
2024-10-14T14:14:55.467+07:00  INFO 25288 --- [stockman] [restartedMain] .s.d.r.c.RepositoryConfigurationDelegate : Finished Spring Data repository scanning in 6 ms. Found 1 JPA repository interface.
2024-10-14T14:14:55.528+07:00  INFO 25288 --- [stockman] [restartedMain] o.s.b.w.embedded.tomcat.TomcatWebServer  : Tomcat initialized with port 8080 (http)
2024-10-14T14:14:55.529+07:00  INFO 25288 --- [stockman] [restartedMain] o.apache.catalina.core.StandardService   : Starting service [Tomcat]
2024-10-14T14:14:55.529+07:00  INFO 25288 --- [stockman] [restartedMain] o.apache.catalina.core.StandardEngine    : Starting Servlet engine: [Apache Tomcat/10.1.30]
2024-10-14T14:14:55.542+07:00  INFO 25288 --- [stockman] [restartedMain] o.a.c.c.C.[Tomcat-2].[localhost].[/]     : Initializing Spring embedded WebApplicationContext
2024-10-14T14:14:55.542+07:00  INFO 25288 --- [stockman] [restartedMain] w.s.c.ServletWebServerApplicationContext : Root WebApplicationContext: initialization completed in 193 ms
2024-10-14T14:14:55.568+07:00  INFO 25288 --- [stockman] [restartedMain] o.hibernate.jpa.internal.util.LogHelper  : HHH000204: Processing PersistenceUnitInfo [name: default]
2024-10-14T14:14:55.572+07:00  INFO 25288 --- [stockman] [restartedMain] o.h.c.internal.RegionFactoryInitiator    : HHH000026: Second-level cache disabled
2024-10-14T14:14:55.577+07:00  INFO 25288 --- [stockman] [restartedMain] o.s.o.j.p.SpringPersistenceUnitInfo      : No LoadTimeWeaver setup: ignoring JPA class transformer
2024-10-14T14:14:55.578+07:00  INFO 25288 --- [stockman] [restartedMain] com.zaxxer.hikari.HikariDataSource       : HikariPool-58 - Starting...
2024-10-14T14:14:55.587+07:00  INFO 25288 --- [stockman] [restartedMain] com.zaxxer.hikari.pool.HikariPool        : HikariPool-58 - Added connection com.mysql.cj.jdbc.ConnectionImpl@bb613ff
2024-10-14T14:14:55.587+07:00  INFO 25288 --- [stockman] [restartedMain] com.zaxxer.hikari.HikariDataSource       : HikariPool-58 - Start completed.
2024-10-14T14:14:55.610+07:00  INFO 25288 --- [stockman] [restartedMain] o.h.e.t.j.p.i.JtaPlatformInitiator       : HHH000489: No JTA platform available (set 'hibernate.transaction.jta.platform' to enable JTA platform integration)
2024-10-14T14:14:55.616+07:00  INFO 25288 --- [stockman] [restartedMain] j.LocalContainerEntityManagerFactoryBean : Initialized JPA EntityManagerFactory for persistence unit 'default'
2024-10-14T14:14:55.659+07:00  WARN 25288 --- [stockman] [restartedMain] JpaBaseConfiguration$JpaWebConfiguration : spring.jpa.open-in-view is enabled by default. Therefore, database queries may be performed during view rendering. Explicitly configure spring.jpa.open-in-view to disable this warning
2024-10-14T14:14:55.720+07:00  INFO 25288 --- [stockman] [restartedMain] o.s.b.d.a.OptionalLiveReloadServer       : LiveReload server is running on port 35729
2024-10-14T14:14:55.726+07:00  INFO 25288 --- [stockman] [restartedMain] o.s.b.w.embedded.tomcat.TomcatWebServer  : Tomcat started on port 8080 (http) with context path '/'
2024-10-14T14:14:55.729+07:00  INFO 25288 --- [stockman] [restartedMain] com.api.stockman.StockmanApplication     : Started StockmanApplication in 0.399 seconds (process running for 2287.349)
2024-10-14T14:14:55.730+07:00  INFO 25288 --- [stockman] [restartedMain] .ConditionEvaluationDeltaLoggingListener : Condition evaluation unchanged
2024-10-14T14:14:59.057+07:00  INFO 25288 --- [stockman] [http-nio-8080-exec-1] o.a.c.c.C.[Tomcat-2].[localhost].[/]     : Initializing Spring DispatcherServlet 'dispatcherServlet'
2024-10-14T14:14:59.058+07:00  INFO 25288 --- [stockman] [http-nio-8080-exec-1] o.s.web.servlet.DispatcherServlet        : Initializing Servlet 'dispatcherServlet'
2024-10-14T14:14:59.059+07:00  INFO 25288 --- [stockman] [http-nio-8080-exec-1] o.s.web.servlet.DispatcherServlet        : Completed initialization in 1 ms
2024-10-14T14:14:59.063+07:00 ERROR 25288 --- [stockman] [http-nio-8080-exec-1] c.a.s.controllers.StockmanController     : Error occurred while creating stockImage path must be a valid PNG or JPG file.
2024-10-14T14:15:16.960+07:00  INFO 25288 --- [stockman] [File Watcher] rtingClassPathChangeChangedEventListener : Restarting due to 2 class path changes (0 additions, 0 deletions, 2 modifications)
2024-10-14T14:15:16.974+07:00  INFO 25288 --- [stockman] [Thread-229] j.LocalContainerEntityManagerFactoryBean : Closing JPA EntityManagerFactory for persistence unit 'default'
2024-10-14T14:15:16.974+07:00  INFO 25288 --- [stockman] [Thread-229] com.zaxxer.hikari.HikariDataSource       : HikariPool-58 - Shutdown initiated...
2024-10-14T14:15:16.977+07:00  INFO 25288 --- [stockman] [Thread-229] com.zaxxer.hikari.HikariDataSource       : HikariPool-58 - Shutdown completed.
2024-10-14T14:15:17.117+07:00  INFO 25288 --- [stockman] [restartedMain] com.api.stockman.StockmanApplication     : Starting StockmanApplication using Java 21.0.1 with PID 25288 (C:\laragon\www\api-stockman\target\classes started by TRXDev in C:\laragon\www\api-stockman)
2024-10-14T14:15:17.117+07:00  INFO 25288 --- [stockman] [restartedMain] com.api.stockman.StockmanApplication     : No active profile set, falling back to 1 default profile: "default"
2024-10-14T14:15:17.232+07:00  INFO 25288 --- [stockman] [restartedMain] .s.d.r.c.RepositoryConfigurationDelegate : Bootstrapping Spring Data JPA repositories in DEFAULT mode.
2024-10-14T14:15:17.238+07:00  INFO 25288 --- [stockman] [restartedMain] .s.d.r.c.RepositoryConfigurationDelegate : Finished Spring Data repository scanning in 5 ms. Found 1 JPA repository interface.
2024-10-14T14:15:17.301+07:00  INFO 25288 --- [stockman] [restartedMain] o.s.b.w.embedded.tomcat.TomcatWebServer  : Tomcat initialized with port 8080 (http)
2024-10-14T14:15:17.302+07:00  INFO 25288 --- [stockman] [restartedMain] o.apache.catalina.core.StandardService   : Starting service [Tomcat]
2024-10-14T14:15:17.302+07:00  INFO 25288 --- [stockman] [restartedMain] o.apache.catalina.core.StandardEngine    : Starting Servlet engine: [Apache Tomcat/10.1.30]
2024-10-14T14:15:17.316+07:00  INFO 25288 --- [stockman] [restartedMain] o.a.c.c.C.[Tomcat-2].[localhost].[/]     : Initializing Spring embedded WebApplicationContext
2024-10-14T14:15:17.316+07:00  INFO 25288 --- [stockman] [restartedMain] w.s.c.ServletWebServerApplicationContext : Root WebApplicationContext: initialization completed in 197 ms
2024-10-14T14:15:17.344+07:00  INFO 25288 --- [stockman] [restartedMain] o.hibernate.jpa.internal.util.LogHelper  : HHH000204: Processing PersistenceUnitInfo [name: default]
2024-10-14T14:15:17.345+07:00  INFO 25288 --- [stockman] [restartedMain] o.h.c.internal.RegionFactoryInitiator    : HHH000026: Second-level cache disabled
2024-10-14T14:15:17.350+07:00  INFO 25288 --- [stockman] [restartedMain] o.s.o.j.p.SpringPersistenceUnitInfo      : No LoadTimeWeaver setup: ignoring JPA class transformer
2024-10-14T14:15:17.352+07:00  INFO 25288 --- [stockman] [restartedMain] com.zaxxer.hikari.HikariDataSource       : HikariPool-59 - Starting...
2024-10-14T14:15:17.359+07:00  INFO 25288 --- [stockman] [restartedMain] com.zaxxer.hikari.pool.HikariPool        : HikariPool-59 - Added connection com.mysql.cj.jdbc.ConnectionImpl@378d56d5
2024-10-14T14:15:17.359+07:00  INFO 25288 --- [stockman] [restartedMain] com.zaxxer.hikari.HikariDataSource       : HikariPool-59 - Start completed.
2024-10-14T14:15:17.384+07:00  INFO 25288 --- [stockman] [restartedMain] o.h.e.t.j.p.i.JtaPlatformInitiator       : HHH000489: No JTA platform available (set 'hibernate.transaction.jta.platform' to enable JTA platform integration)
2024-10-14T14:15:17.389+07:00  INFO 25288 --- [stockman] [restartedMain] j.LocalContainerEntityManagerFactoryBean : Initialized JPA EntityManagerFactory for persistence unit 'default'
2024-10-14T14:15:17.430+07:00  WARN 25288 --- [stockman] [restartedMain] JpaBaseConfiguration$JpaWebConfiguration : spring.jpa.open-in-view is enabled by default. Therefore, database queries may be performed during view rendering. Explicitly configure spring.jpa.open-in-view to disable this warning
2024-10-14T14:15:17.490+07:00  INFO 25288 --- [stockman] [restartedMain] o.s.b.d.a.OptionalLiveReloadServer       : LiveReload server is running on port 35729
2024-10-14T14:15:17.498+07:00  INFO 25288 --- [stockman] [restartedMain] o.s.b.w.embedded.tomcat.TomcatWebServer  : Tomcat started on port 8080 (http) with context path '/'
2024-10-14T14:15:17.502+07:00  INFO 25288 --- [stockman] [restartedMain] com.api.stockman.StockmanApplication     : Started StockmanApplication in 0.402 seconds (process running for 2309.123)
2024-10-14T14:15:17.503+07:00  INFO 25288 --- [stockman] [restartedMain] .ConditionEvaluationDeltaLoggingListener : Condition evaluation unchanged
2024-10-14T14:15:19.954+07:00  INFO 25288 --- [stockman] [File Watcher] rtingClassPathChangeChangedEventListener : Restarting due to 2 class path changes (0 additions, 0 deletions, 2 modifications)
2024-10-14T14:15:19.968+07:00  INFO 25288 --- [stockman] [Thread-233] j.LocalContainerEntityManagerFactoryBean : Closing JPA EntityManagerFactory for persistence unit 'default'
2024-10-14T14:15:19.969+07:00  INFO 25288 --- [stockman] [Thread-233] com.zaxxer.hikari.HikariDataSource       : HikariPool-59 - Shutdown initiated...
2024-10-14T14:15:19.970+07:00  INFO 25288 --- [stockman] [Thread-233] com.zaxxer.hikari.HikariDataSource       : HikariPool-59 - Shutdown completed.
2024-10-14T14:15:20.111+07:00  INFO 25288 --- [stockman] [restartedMain] com.api.stockman.StockmanApplication     : Starting StockmanApplication using Java 21.0.1 with PID 25288 (C:\laragon\www\api-stockman\target\classes started by TRXDev in C:\laragon\www\api-stockman)
2024-10-14T14:15:20.111+07:00  INFO 25288 --- [stockman] [restartedMain] com.api.stockman.StockmanApplication     : No active profile set, falling back to 1 default profile: "default"
2024-10-14T14:15:20.229+07:00  INFO 25288 --- [stockman] [restartedMain] .s.d.r.c.RepositoryConfigurationDelegate : Bootstrapping Spring Data JPA repositories in DEFAULT mode.
2024-10-14T14:15:20.236+07:00  INFO 25288 --- [stockman] [restartedMain] .s.d.r.c.RepositoryConfigurationDelegate : Finished Spring Data repository scanning in 5 ms. Found 1 JPA repository interface.
2024-10-14T14:15:20.288+07:00  INFO 25288 --- [stockman] [restartedMain] o.s.b.w.embedded.tomcat.TomcatWebServer  : Tomcat initialized with port 8080 (http)
2024-10-14T14:15:20.288+07:00  INFO 25288 --- [stockman] [restartedMain] o.apache.catalina.core.StandardService   : Starting service [Tomcat]
2024-10-14T14:15:20.289+07:00  INFO 25288 --- [stockman] [restartedMain] o.apache.catalina.core.StandardEngine    : Starting Servlet engine: [Apache Tomcat/10.1.30]
2024-10-14T14:15:20.301+07:00  INFO 25288 --- [stockman] [restartedMain] o.a.c.c.C.[Tomcat-2].[localhost].[/]     : Initializing Spring embedded WebApplicationContext
2024-10-14T14:15:20.301+07:00  INFO 25288 --- [stockman] [restartedMain] w.s.c.ServletWebServerApplicationContext : Root WebApplicationContext: initialization completed in 188 ms
2024-10-14T14:15:20.324+07:00  INFO 25288 --- [stockman] [restartedMain] o.hibernate.jpa.internal.util.LogHelper  : HHH000204: Processing PersistenceUnitInfo [name: default]
2024-10-14T14:15:20.325+07:00  INFO 25288 --- [stockman] [restartedMain] o.h.c.internal.RegionFactoryInitiator    : HHH000026: Second-level cache disabled
2024-10-14T14:15:20.331+07:00  INFO 25288 --- [stockman] [restartedMain] o.s.o.j.p.SpringPersistenceUnitInfo      : No LoadTimeWeaver setup: ignoring JPA class transformer
2024-10-14T14:15:20.332+07:00  INFO 25288 --- [stockman] [restartedMain] com.zaxxer.hikari.HikariDataSource       : HikariPool-60 - Starting...
2024-10-14T14:15:20.339+07:00  INFO 25288 --- [stockman] [restartedMain] com.zaxxer.hikari.pool.HikariPool        : HikariPool-60 - Added connection com.mysql.cj.jdbc.ConnectionImpl@aa6d6e2
2024-10-14T14:15:20.340+07:00  INFO 25288 --- [stockman] [restartedMain] com.zaxxer.hikari.HikariDataSource       : HikariPool-60 - Start completed.
2024-10-14T14:15:20.364+07:00  INFO 25288 --- [stockman] [restartedMain] o.h.e.t.j.p.i.JtaPlatformInitiator       : HHH000489: No JTA platform available (set 'hibernate.transaction.jta.platform' to enable JTA platform integration)
2024-10-14T14:15:20.369+07:00  INFO 25288 --- [stockman] [restartedMain] j.LocalContainerEntityManagerFactoryBean : Initialized JPA EntityManagerFactory for persistence unit 'default'
2024-10-14T14:15:20.412+07:00  WARN 25288 --- [stockman] [restartedMain] JpaBaseConfiguration$JpaWebConfiguration : spring.jpa.open-in-view is enabled by default. Therefore, database queries may be performed during view rendering. Explicitly configure spring.jpa.open-in-view to disable this warning
2024-10-14T14:15:20.473+07:00  INFO 25288 --- [stockman] [restartedMain] o.s.b.d.a.OptionalLiveReloadServer       : LiveReload server is running on port 35729
2024-10-14T14:15:20.480+07:00  INFO 25288 --- [stockman] [restartedMain] o.s.b.w.embedded.tomcat.TomcatWebServer  : Tomcat started on port 8080 (http) with context path '/'
2024-10-14T14:15:20.482+07:00  INFO 25288 --- [stockman] [restartedMain] com.api.stockman.StockmanApplication     : Started StockmanApplication in 0.39 seconds (process running for 2312.103)
2024-10-14T14:15:20.483+07:00  INFO 25288 --- [stockman] [restartedMain] .ConditionEvaluationDeltaLoggingListener : Condition evaluation unchanged
2024-10-14T14:15:38.597+07:00  INFO 25288 --- [stockman] [File Watcher] rtingClassPathChangeChangedEventListener : Restarting due to 2 class path changes (0 additions, 0 deletions, 2 modifications)
2024-10-14T14:15:38.608+07:00  INFO 25288 --- [stockman] [Thread-237] j.LocalContainerEntityManagerFactoryBean : Closing JPA EntityManagerFactory for persistence unit 'default'
2024-10-14T14:15:38.609+07:00  INFO 25288 --- [stockman] [Thread-237] com.zaxxer.hikari.HikariDataSource       : HikariPool-60 - Shutdown initiated...
2024-10-14T14:15:38.611+07:00  INFO 25288 --- [stockman] [Thread-237] com.zaxxer.hikari.HikariDataSource       : HikariPool-60 - Shutdown completed.
2024-10-14T14:15:38.750+07:00  INFO 25288 --- [stockman] [restartedMain] com.api.stockman.StockmanApplication     : Starting StockmanApplication using Java 21.0.1 with PID 25288 (C:\laragon\www\api-stockman\target\classes started by TRXDev in C:\laragon\www\api-stockman)
2024-10-14T14:15:38.750+07:00  INFO 25288 --- [stockman] [restartedMain] com.api.stockman.StockmanApplication     : No active profile set, falling back to 1 default profile: "default"
2024-10-14T14:15:38.861+07:00  INFO 25288 --- [stockman] [restartedMain] .s.d.r.c.RepositoryConfigurationDelegate : Bootstrapping Spring Data JPA repositories in DEFAULT mode.
2024-10-14T14:15:38.866+07:00  INFO 25288 --- [stockman] [restartedMain] .s.d.r.c.RepositoryConfigurationDelegate : Finished Spring Data repository scanning in 5 ms. Found 1 JPA repository interface.
2024-10-14T14:15:38.930+07:00  INFO 25288 --- [stockman] [restartedMain] o.s.b.w.embedded.tomcat.TomcatWebServer  : Tomcat initialized with port 8080 (http)
2024-10-14T14:15:38.931+07:00  INFO 25288 --- [stockman] [restartedMain] o.apache.catalina.core.StandardService   : Starting service [Tomcat]
2024-10-14T14:15:38.931+07:00  INFO 25288 --- [stockman] [restartedMain] o.apache.catalina.core.StandardEngine    : Starting Servlet engine: [Apache Tomcat/10.1.30]
2024-10-14T14:15:38.944+07:00  INFO 25288 --- [stockman] [restartedMain] o.a.c.c.C.[Tomcat-2].[localhost].[/]     : Initializing Spring embedded WebApplicationContext
2024-10-14T14:15:38.945+07:00  INFO 25288 --- [stockman] [restartedMain] w.s.c.ServletWebServerApplicationContext : Root WebApplicationContext: initialization completed in 192 ms
2024-10-14T14:15:38.973+07:00  INFO 25288 --- [stockman] [restartedMain] o.hibernate.jpa.internal.util.LogHelper  : HHH000204: Processing PersistenceUnitInfo [name: default]
2024-10-14T14:15:38.975+07:00  INFO 25288 --- [stockman] [restartedMain] o.h.c.internal.RegionFactoryInitiator    : HHH000026: Second-level cache disabled
2024-10-14T14:15:38.981+07:00  INFO 25288 --- [stockman] [restartedMain] o.s.o.j.p.SpringPersistenceUnitInfo      : No LoadTimeWeaver setup: ignoring JPA class transformer
2024-10-14T14:15:38.981+07:00  INFO 25288 --- [stockman] [restartedMain] com.zaxxer.hikari.HikariDataSource       : HikariPool-61 - Starting...
2024-10-14T14:15:38.989+07:00  INFO 25288 --- [stockman] [restartedMain] com.zaxxer.hikari.pool.HikariPool        : HikariPool-61 - Added connection com.mysql.cj.jdbc.ConnectionImpl@522b3caa
2024-10-14T14:15:38.989+07:00  INFO 25288 --- [stockman] [restartedMain] com.zaxxer.hikari.HikariDataSource       : HikariPool-61 - Start completed.
2024-10-14T14:15:39.013+07:00  INFO 25288 --- [stockman] [restartedMain] o.h.e.t.j.p.i.JtaPlatformInitiator       : HHH000489: No JTA platform available (set 'hibernate.transaction.jta.platform' to enable JTA platform integration)
2024-10-14T14:15:39.020+07:00  INFO 25288 --- [stockman] [restartedMain] j.LocalContainerEntityManagerFactoryBean : Initialized JPA EntityManagerFactory for persistence unit 'default'
2024-10-14T14:15:39.060+07:00  WARN 25288 --- [stockman] [restartedMain] JpaBaseConfiguration$JpaWebConfiguration : spring.jpa.open-in-view is enabled by default. Therefore, database queries may be performed during view rendering. Explicitly configure spring.jpa.open-in-view to disable this warning
2024-10-14T14:15:39.125+07:00  INFO 25288 --- [stockman] [restartedMain] o.s.b.d.a.OptionalLiveReloadServer       : LiveReload server is running on port 35729
2024-10-14T14:15:39.131+07:00  INFO 25288 --- [stockman] [restartedMain] o.s.b.w.embedded.tomcat.TomcatWebServer  : Tomcat started on port 8080 (http) with context path '/'
2024-10-14T14:15:39.133+07:00  INFO 25288 --- [stockman] [restartedMain] com.api.stockman.StockmanApplication     : Started StockmanApplication in 0.4 seconds (process running for 2330.754)
2024-10-14T14:15:39.134+07:00  INFO 25288 --- [stockman] [restartedMain] .ConditionEvaluationDeltaLoggingListener : Condition evaluation unchanged
2024-10-14T14:15:49.236+07:00  INFO 25288 --- [stockman] [http-nio-8080-exec-1] o.a.c.c.C.[Tomcat-2].[localhost].[/]     : Initializing Spring DispatcherServlet 'dispatcherServlet'
2024-10-14T14:15:49.237+07:00  INFO 25288 --- [stockman] [http-nio-8080-exec-1] o.s.web.servlet.DispatcherServlet        : Initializing Servlet 'dispatcherServlet'
2024-10-14T14:15:49.238+07:00  INFO 25288 --- [stockman] [http-nio-8080-exec-1] o.s.web.servlet.DispatcherServlet        : Completed initialization in 1 ms
2024-10-14T14:15:49.241+07:00 ERROR 25288 --- [stockman] [http-nio-8080-exec-1] c.a.s.controllers.StockmanController     : Error occurred while creating stock: Image path must be a valid PNG or JPG file.
2024-10-14T14:16:11.365+07:00 ERROR 25288 --- [stockman] [http-nio-8080-exec-2] c.a.s.controllers.StockmanController     : Error occurred while creating stock: Image path must be a valid PNG or JPG file.
2024-10-14T14:21:02.519+07:00  INFO 25288 --- [stockman] [File Watcher] rtingClassPathChangeChangedEventListener : Restarting due to 2 class path changes (0 additions, 0 deletions, 2 modifications)
2024-10-14T14:21:02.535+07:00  INFO 25288 --- [stockman] [Thread-241] j.LocalContainerEntityManagerFactoryBean : Closing JPA EntityManagerFactory for persistence unit 'default'
2024-10-14T14:21:02.535+07:00  INFO 25288 --- [stockman] [Thread-241] com.zaxxer.hikari.HikariDataSource       : HikariPool-61 - Shutdown initiated...
2024-10-14T14:21:02.538+07:00  INFO 25288 --- [stockman] [Thread-241] com.zaxxer.hikari.HikariDataSource       : HikariPool-61 - Shutdown completed.
2024-10-14T14:21:02.705+07:00  INFO 25288 --- [stockman] [restartedMain] com.api.stockman.StockmanApplication     : Starting StockmanApplication using Java 21.0.1 with PID 25288 (C:\laragon\www\api-stockman\target\classes started by TRXDev in C:\laragon\www\api-stockman)
2024-10-14T14:21:02.706+07:00  INFO 25288 --- [stockman] [restartedMain] com.api.stockman.StockmanApplication     : No active profile set, falling back to 1 default profile: "default"
2024-10-14T14:21:02.839+07:00  INFO 25288 --- [stockman] [restartedMain] .s.d.r.c.RepositoryConfigurationDelegate : Bootstrapping Spring Data JPA repositories in DEFAULT mode.
2024-10-14T14:21:02.845+07:00  INFO 25288 --- [stockman] [restartedMain] .s.d.r.c.RepositoryConfigurationDelegate : Finished Spring Data repository scanning in 7 ms. Found 1 JPA repository interface.
2024-10-14T14:21:02.901+07:00  INFO 25288 --- [stockman] [restartedMain] o.s.b.w.embedded.tomcat.TomcatWebServer  : Tomcat initialized with port 8080 (http)
2024-10-14T14:21:02.902+07:00  INFO 25288 --- [stockman] [restartedMain] o.apache.catalina.core.StandardService   : Starting service [Tomcat]
2024-10-14T14:21:02.902+07:00  INFO 25288 --- [stockman] [restartedMain] o.apache.catalina.core.StandardEngine    : Starting Servlet engine: [Apache Tomcat/10.1.30]
2024-10-14T14:21:02.916+07:00  INFO 25288 --- [stockman] [restartedMain] o.a.c.c.C.[Tomcat-2].[localhost].[/]     : Initializing Spring embedded WebApplicationContext
2024-10-14T14:21:02.917+07:00  INFO 25288 --- [stockman] [restartedMain] w.s.c.ServletWebServerApplicationContext : Root WebApplicationContext: initialization completed in 210 ms
2024-10-14T14:21:02.941+07:00  INFO 25288 --- [stockman] [restartedMain] o.hibernate.jpa.internal.util.LogHelper  : HHH000204: Processing PersistenceUnitInfo [name: default]
2024-10-14T14:21:02.942+07:00  INFO 25288 --- [stockman] [restartedMain] o.h.c.internal.RegionFactoryInitiator    : HHH000026: Second-level cache disabled
2024-10-14T14:21:02.948+07:00  INFO 25288 --- [stockman] [restartedMain] o.s.o.j.p.SpringPersistenceUnitInfo      : No LoadTimeWeaver setup: ignoring JPA class transformer
2024-10-14T14:21:02.948+07:00  INFO 25288 --- [stockman] [restartedMain] com.zaxxer.hikari.HikariDataSource       : HikariPool-62 - Starting...
2024-10-14T14:21:02.957+07:00  INFO 25288 --- [stockman] [restartedMain] com.zaxxer.hikari.pool.HikariPool        : HikariPool-62 - Added connection com.mysql.cj.jdbc.ConnectionImpl@ea15bf5
2024-10-14T14:21:02.957+07:00  INFO 25288 --- [stockman] [restartedMain] com.zaxxer.hikari.HikariDataSource       : HikariPool-62 - Start completed.
2024-10-14T14:21:02.982+07:00  INFO 25288 --- [stockman] [restartedMain] o.h.e.t.j.p.i.JtaPlatformInitiator       : HHH000489: No JTA platform available (set 'hibernate.transaction.jta.platform' to enable JTA platform integration)
2024-10-14T14:21:02.987+07:00  INFO 25288 --- [stockman] [restartedMain] j.LocalContainerEntityManagerFactoryBean : Initialized JPA EntityManagerFactory for persistence unit 'default'
2024-10-14T14:21:03.030+07:00  WARN 25288 --- [stockman] [restartedMain] JpaBaseConfiguration$JpaWebConfiguration : spring.jpa.open-in-view is enabled by default. Therefore, database queries may be performed during view rendering. Explicitly configure spring.jpa.open-in-view to disable this warning
2024-10-14T14:21:03.086+07:00  INFO 25288 --- [stockman] [restartedMain] o.s.b.d.a.OptionalLiveReloadServer       : LiveReload server is running on port 35729
2024-10-14T14:21:03.093+07:00  INFO 25288 --- [stockman] [restartedMain] o.s.b.w.embedded.tomcat.TomcatWebServer  : Tomcat started on port 8080 (http) with context path '/'
2024-10-14T14:21:03.095+07:00  INFO 25288 --- [stockman] [restartedMain] com.api.stockman.StockmanApplication     : Started StockmanApplication in 0.417 seconds (process running for 2654.715)
2024-10-14T14:21:03.096+07:00  INFO 25288 --- [stockman] [restartedMain] .ConditionEvaluationDeltaLoggingListener : Condition evaluation unchanged
2024-10-14T14:21:13.117+07:00  INFO 25288 --- [stockman] [File Watcher] rtingClassPathChangeChangedEventListener : Restarting due to 2 class path changes (0 additions, 0 deletions, 2 modifications)
2024-10-14T14:21:13.129+07:00  INFO 25288 --- [stockman] [Thread-245] j.LocalContainerEntityManagerFactoryBean : Closing JPA EntityManagerFactory for persistence unit 'default'
2024-10-14T14:21:13.130+07:00  INFO 25288 --- [stockman] [Thread-245] com.zaxxer.hikari.HikariDataSource       : HikariPool-62 - Shutdown initiated...
2024-10-14T14:21:13.132+07:00  INFO 25288 --- [stockman] [Thread-245] com.zaxxer.hikari.HikariDataSource       : HikariPool-62 - Shutdown completed.
2024-10-14T14:21:13.279+07:00  INFO 25288 --- [stockman] [restartedMain] com.api.stockman.StockmanApplication     : Starting StockmanApplication using Java 21.0.1 with PID 25288 (C:\laragon\www\api-stockman\target\classes started by TRXDev in C:\laragon\www\api-stockman)
2024-10-14T14:21:13.279+07:00  INFO 25288 --- [stockman] [restartedMain] com.api.stockman.StockmanApplication     : No active profile set, falling back to 1 default profile: "default"
2024-10-14T14:21:13.388+07:00  INFO 25288 --- [stockman] [restartedMain] .s.d.r.c.RepositoryConfigurationDelegate : Bootstrapping Spring Data JPA repositories in DEFAULT mode.
2024-10-14T14:21:13.394+07:00  INFO 25288 --- [stockman] [restartedMain] .s.d.r.c.RepositoryConfigurationDelegate : Finished Spring Data repository scanning in 5 ms. Found 1 JPA repository interface.
2024-10-14T14:21:13.452+07:00  INFO 25288 --- [stockman] [restartedMain] o.s.b.w.embedded.tomcat.TomcatWebServer  : Tomcat initialized with port 8080 (http)
2024-10-14T14:21:13.453+07:00  INFO 25288 --- [stockman] [restartedMain] o.apache.catalina.core.StandardService   : Starting service [Tomcat]
2024-10-14T14:21:13.453+07:00  INFO 25288 --- [stockman] [restartedMain] o.apache.catalina.core.StandardEngine    : Starting Servlet engine: [Apache Tomcat/10.1.30]
2024-10-14T14:21:13.465+07:00  INFO 25288 --- [stockman] [restartedMain] o.a.c.c.C.[Tomcat-2].[localhost].[/]     : Initializing Spring embedded WebApplicationContext
2024-10-14T14:21:13.466+07:00  INFO 25288 --- [stockman] [restartedMain] w.s.c.ServletWebServerApplicationContext : Root WebApplicationContext: initialization completed in 185 ms
2024-10-14T14:21:13.491+07:00  INFO 25288 --- [stockman] [restartedMain] o.hibernate.jpa.internal.util.LogHelper  : HHH000204: Processing PersistenceUnitInfo [name: default]
2024-10-14T14:21:13.493+07:00  INFO 25288 --- [stockman] [restartedMain] o.h.c.internal.RegionFactoryInitiator    : HHH000026: Second-level cache disabled
2024-10-14T14:21:13.498+07:00  INFO 25288 --- [stockman] [restartedMain] o.s.o.j.p.SpringPersistenceUnitInfo      : No LoadTimeWeaver setup: ignoring JPA class transformer
2024-10-14T14:21:13.499+07:00  INFO 25288 --- [stockman] [restartedMain] com.zaxxer.hikari.HikariDataSource       : HikariPool-63 - Starting...
2024-10-14T14:21:13.507+07:00  INFO 25288 --- [stockman] [restartedMain] com.zaxxer.hikari.pool.HikariPool        : HikariPool-63 - Added connection com.mysql.cj.jdbc.ConnectionImpl@5e039c47
2024-10-14T14:21:13.507+07:00  INFO 25288 --- [stockman] [restartedMain] com.zaxxer.hikari.HikariDataSource       : HikariPool-63 - Start completed.
2024-10-14T14:21:13.529+07:00  INFO 25288 --- [stockman] [restartedMain] o.h.e.t.j.p.i.JtaPlatformInitiator       : HHH000489: No JTA platform available (set 'hibernate.transaction.jta.platform' to enable JTA platform integration)
2024-10-14T14:21:13.535+07:00  INFO 25288 --- [stockman] [restartedMain] j.LocalContainerEntityManagerFactoryBean : Initialized JPA EntityManagerFactory for persistence unit 'default'
2024-10-14T14:21:13.580+07:00  WARN 25288 --- [stockman] [restartedMain] JpaBaseConfiguration$JpaWebConfiguration : spring.jpa.open-in-view is enabled by default. Therefore, database queries may be performed during view rendering. Explicitly configure spring.jpa.open-in-view to disable this warning
2024-10-14T14:21:13.641+07:00  INFO 25288 --- [stockman] [restartedMain] o.s.b.d.a.OptionalLiveReloadServer       : LiveReload server is running on port 35729
2024-10-14T14:21:13.648+07:00  INFO 25288 --- [stockman] [restartedMain] o.s.b.w.embedded.tomcat.TomcatWebServer  : Tomcat started on port 8080 (http) with context path '/'
2024-10-14T14:21:13.651+07:00  INFO 25288 --- [stockman] [restartedMain] com.api.stockman.StockmanApplication     : Started StockmanApplication in 0.394 seconds (process running for 2665.271)
2024-10-14T14:21:13.652+07:00  INFO 25288 --- [stockman] [restartedMain] .ConditionEvaluationDeltaLoggingListener : Condition evaluation unchanged
2024-10-14T14:21:20.145+07:00  INFO 25288 --- [stockman] [File Watcher] rtingClassPathChangeChangedEventListener : Restarting due to 2 class path changes (0 additions, 0 deletions, 2 modifications)
2024-10-14T14:21:20.157+07:00  INFO 25288 --- [stockman] [Thread-249] j.LocalContainerEntityManagerFactoryBean : Closing JPA EntityManagerFactory for persistence unit 'default'
2024-10-14T14:21:20.158+07:00  INFO 25288 --- [stockman] [Thread-249] com.zaxxer.hikari.HikariDataSource       : HikariPool-63 - Shutdown initiated...
2024-10-14T14:21:20.161+07:00  INFO 25288 --- [stockman] [Thread-249] com.zaxxer.hikari.HikariDataSource       : HikariPool-63 - Shutdown completed.
2024-10-14T14:21:20.305+07:00  INFO 25288 --- [stockman] [restartedMain] com.api.stockman.StockmanApplication     : Starting StockmanApplication using Java 21.0.1 with PID 25288 (C:\laragon\www\api-stockman\target\classes started by TRXDev in C:\laragon\www\api-stockman)
2024-10-14T14:21:20.305+07:00  INFO 25288 --- [stockman] [restartedMain] com.api.stockman.StockmanApplication     : No active profile set, falling back to 1 default profile: "default"
2024-10-14T14:21:20.415+07:00  INFO 25288 --- [stockman] [restartedMain] .s.d.r.c.RepositoryConfigurationDelegate : Bootstrapping Spring Data JPA repositories in DEFAULT mode.
2024-10-14T14:21:20.421+07:00  INFO 25288 --- [stockman] [restartedMain] .s.d.r.c.RepositoryConfigurationDelegate : Finished Spring Data repository scanning in 5 ms. Found 1 JPA repository interface.
2024-10-14T14:21:20.476+07:00  INFO 25288 --- [stockman] [restartedMain] o.s.b.w.embedded.tomcat.TomcatWebServer  : Tomcat initialized with port 8080 (http)
2024-10-14T14:21:20.477+07:00  INFO 25288 --- [stockman] [restartedMain] o.apache.catalina.core.StandardService   : Starting service [Tomcat]
2024-10-14T14:21:20.477+07:00  INFO 25288 --- [stockman] [restartedMain] o.apache.catalina.core.StandardEngine    : Starting Servlet engine: [Apache Tomcat/10.1.30]
2024-10-14T14:21:20.489+07:00  INFO 25288 --- [stockman] [restartedMain] o.a.c.c.C.[Tomcat-2].[localhost].[/]     : Initializing Spring embedded WebApplicationContext
2024-10-14T14:21:20.490+07:00  INFO 25288 --- [stockman] [restartedMain] w.s.c.ServletWebServerApplicationContext : Root WebApplicationContext: initialization completed in 182 ms
2024-10-14T14:21:20.514+07:00  INFO 25288 --- [stockman] [restartedMain] o.hibernate.jpa.internal.util.LogHelper  : HHH000204: Processing PersistenceUnitInfo [name: default]
2024-10-14T14:21:20.517+07:00  INFO 25288 --- [stockman] [restartedMain] o.h.c.internal.RegionFactoryInitiator    : HHH000026: Second-level cache disabled
2024-10-14T14:21:20.522+07:00  INFO 25288 --- [stockman] [restartedMain] o.s.o.j.p.SpringPersistenceUnitInfo      : No LoadTimeWeaver setup: ignoring JPA class transformer
2024-10-14T14:21:20.523+07:00  INFO 25288 --- [stockman] [restartedMain] com.zaxxer.hikari.HikariDataSource       : HikariPool-64 - Starting...
2024-10-14T14:21:20.532+07:00  INFO 25288 --- [stockman] [restartedMain] com.zaxxer.hikari.pool.HikariPool        : HikariPool-64 - Added connection com.mysql.cj.jdbc.ConnectionImpl@668519cd
2024-10-14T14:21:20.532+07:00  INFO 25288 --- [stockman] [restartedMain] com.zaxxer.hikari.HikariDataSource       : HikariPool-64 - Start completed.
2024-10-14T14:21:20.558+07:00  INFO 25288 --- [stockman] [restartedMain] o.h.e.t.j.p.i.JtaPlatformInitiator       : HHH000489: No JTA platform available (set 'hibernate.transaction.jta.platform' to enable JTA platform integration)
2024-10-14T14:21:20.563+07:00  INFO 25288 --- [stockman] [restartedMain] j.LocalContainerEntityManagerFactoryBean : Initialized JPA EntityManagerFactory for persistence unit 'default'
2024-10-14T14:21:20.627+07:00  WARN 25288 --- [stockman] [restartedMain] JpaBaseConfiguration$JpaWebConfiguration : spring.jpa.open-in-view is enabled by default. Therefore, database queries may be performed during view rendering. Explicitly configure spring.jpa.open-in-view to disable this warning
2024-10-14T14:21:20.686+07:00  INFO 25288 --- [stockman] [restartedMain] o.s.b.d.a.OptionalLiveReloadServer       : LiveReload server is running on port 35729
2024-10-14T14:21:20.693+07:00  INFO 25288 --- [stockman] [restartedMain] o.s.b.w.embedded.tomcat.TomcatWebServer  : Tomcat started on port 8080 (http) with context path '/'
2024-10-14T14:21:20.696+07:00  INFO 25288 --- [stockman] [restartedMain] com.api.stockman.StockmanApplication     : Started StockmanApplication in 0.411 seconds (process running for 2672.317)
2024-10-14T14:21:20.697+07:00  INFO 25288 --- [stockman] [restartedMain] .ConditionEvaluationDeltaLoggingListener : Condition evaluation unchanged
2024-10-14T14:21:38.402+07:00  INFO 25288 --- [stockman] [File Watcher] rtingClassPathChangeChangedEventListener : Restarting due to 2 class path changes (0 additions, 0 deletions, 2 modifications)
2024-10-14T14:21:38.416+07:00  INFO 25288 --- [stockman] [Thread-253] j.LocalContainerEntityManagerFactoryBean : Closing JPA EntityManagerFactory for persistence unit 'default'
2024-10-14T14:21:38.417+07:00  INFO 25288 --- [stockman] [Thread-253] com.zaxxer.hikari.HikariDataSource       : HikariPool-64 - Shutdown initiated...
2024-10-14T14:21:38.420+07:00  INFO 25288 --- [stockman] [Thread-253] com.zaxxer.hikari.HikariDataSource       : HikariPool-64 - Shutdown completed.
2024-10-14T14:21:38.560+07:00  INFO 25288 --- [stockman] [restartedMain] com.api.stockman.StockmanApplication     : Starting StockmanApplication using Java 21.0.1 with PID 25288 (C:\laragon\www\api-stockman\target\classes started by TRXDev in C:\laragon\www\api-stockman)
2024-10-14T14:21:38.561+07:00  INFO 25288 --- [stockman] [restartedMain] com.api.stockman.StockmanApplication     : No active profile set, falling back to 1 default profile: "default"
2024-10-14T14:21:38.663+07:00  INFO 25288 --- [stockman] [restartedMain] .s.d.r.c.RepositoryConfigurationDelegate : Bootstrapping Spring Data JPA repositories in DEFAULT mode.
2024-10-14T14:21:38.669+07:00  INFO 25288 --- [stockman] [restartedMain] .s.d.r.c.RepositoryConfigurationDelegate : Finished Spring Data repository scanning in 5 ms. Found 1 JPA repository interface.
2024-10-14T14:21:38.729+07:00  INFO 25288 --- [stockman] [restartedMain] o.s.b.w.embedded.tomcat.TomcatWebServer  : Tomcat initialized with port 8080 (http)
2024-10-14T14:21:38.730+07:00  INFO 25288 --- [stockman] [restartedMain] o.apache.catalina.core.StandardService   : Starting service [Tomcat]
2024-10-14T14:21:38.730+07:00  INFO 25288 --- [stockman] [restartedMain] o.apache.catalina.core.StandardEngine    : Starting Servlet engine: [Apache Tomcat/10.1.30]
2024-10-14T14:21:38.743+07:00  INFO 25288 --- [stockman] [restartedMain] o.a.c.c.C.[Tomcat-2].[localhost].[/]     : Initializing Spring embedded WebApplicationContext
2024-10-14T14:21:38.743+07:00  INFO 25288 --- [stockman] [restartedMain] w.s.c.ServletWebServerApplicationContext : Root WebApplicationContext: initialization completed in 180 ms
2024-10-14T14:21:38.768+07:00  INFO 25288 --- [stockman] [restartedMain] o.hibernate.jpa.internal.util.LogHelper  : HHH000204: Processing PersistenceUnitInfo [name: default]
2024-10-14T14:21:38.770+07:00  INFO 25288 --- [stockman] [restartedMain] o.h.c.internal.RegionFactoryInitiator    : HHH000026: Second-level cache disabled
2024-10-14T14:21:38.777+07:00  INFO 25288 --- [stockman] [restartedMain] o.s.o.j.p.SpringPersistenceUnitInfo      : No LoadTimeWeaver setup: ignoring JPA class transformer
2024-10-14T14:21:38.778+07:00  INFO 25288 --- [stockman] [restartedMain] com.zaxxer.hikari.HikariDataSource       : HikariPool-65 - Starting...
2024-10-14T14:21:38.786+07:00  INFO 25288 --- [stockman] [restartedMain] com.zaxxer.hikari.pool.HikariPool        : HikariPool-65 - Added connection com.mysql.cj.jdbc.ConnectionImpl@51a2af60
2024-10-14T14:21:38.786+07:00  INFO 25288 --- [stockman] [restartedMain] com.zaxxer.hikari.HikariDataSource       : HikariPool-65 - Start completed.
2024-10-14T14:21:38.816+07:00  INFO 25288 --- [stockman] [restartedMain] o.h.e.t.j.p.i.JtaPlatformInitiator       : HHH000489: No JTA platform available (set 'hibernate.transaction.jta.platform' to enable JTA platform integration)
2024-10-14T14:21:38.822+07:00  INFO 25288 --- [stockman] [restartedMain] j.LocalContainerEntityManagerFactoryBean : Initialized JPA EntityManagerFactory for persistence unit 'default'
2024-10-14T14:21:38.861+07:00  WARN 25288 --- [stockman] [restartedMain] JpaBaseConfiguration$JpaWebConfiguration : spring.jpa.open-in-view is enabled by default. Therefore, database queries may be performed during view rendering. Explicitly configure spring.jpa.open-in-view to disable this warning
2024-10-14T14:21:38.918+07:00  INFO 25288 --- [stockman] [restartedMain] o.s.b.d.a.OptionalLiveReloadServer       : LiveReload server is running on port 35729
2024-10-14T14:21:38.925+07:00  INFO 25288 --- [stockman] [restartedMain] o.s.b.w.embedded.tomcat.TomcatWebServer  : Tomcat started on port 8080 (http) with context path '/'
2024-10-14T14:21:38.928+07:00  INFO 25288 --- [stockman] [restartedMain] com.api.stockman.StockmanApplication     : Started StockmanApplication in 0.386 seconds (process running for 2690.548)
2024-10-14T14:21:38.928+07:00  INFO 25288 --- [stockman] [restartedMain] .ConditionEvaluationDeltaLoggingListener : Condition evaluation unchanged
2024-10-14T14:22:22.314+07:00  INFO 25288 --- [stockman] [SpringApplicationShutdownHook] j.LocalContainerEntityManagerFactoryBean : Closing JPA EntityManagerFactory for persistence unit 'default'
2024-10-14T14:22:22.314+07:00  INFO 25288 --- [stockman] [SpringApplicationShutdownHook] com.zaxxer.hikari.HikariDataSource       : HikariPool-65 - Shutdown initiated...
2024-10-14T14:22:22.317+07:00  INFO 25288 --- [stockman] [SpringApplicationShutdownHook] com.zaxxer.hikari.HikariDataSource       : HikariPool-65 - Shutdown completed.
2024-10-14T14:22:34.099+07:00  INFO 12068 --- [stockman] [restartedMain] com.api.stockman.StockmanApplication     : Starting StockmanApplication using Java 21.0.1 with PID 12068 (C:\laragon\www\api-stockman\target\classes started by TRXDev in C:\laragon\www\api-stockman)
2024-10-14T14:22:34.103+07:00  INFO 12068 --- [stockman] [restartedMain] com.api.stockman.StockmanApplication     : No active profile set, falling back to 1 default profile: "default"
2024-10-14T14:22:34.144+07:00  INFO 12068 --- [stockman] [restartedMain] .e.DevToolsPropertyDefaultsPostProcessor : Devtools property defaults active! Set 'spring.devtools.add-properties' to 'false' to disable
2024-10-14T14:22:34.144+07:00  INFO 12068 --- [stockman] [restartedMain] .e.DevToolsPropertyDefaultsPostProcessor : For additional web related logging consider setting the 'logging.level.web' property to 'DEBUG'
2024-10-14T14:22:34.633+07:00  INFO 12068 --- [stockman] [restartedMain] .s.d.r.c.RepositoryConfigurationDelegate : Bootstrapping Spring Data JPA repositories in DEFAULT mode.
2024-10-14T14:22:34.684+07:00  INFO 12068 --- [stockman] [restartedMain] .s.d.r.c.RepositoryConfigurationDelegate : Finished Spring Data repository scanning in 44 ms. Found 1 JPA repository interface.
2024-10-14T14:22:35.133+07:00  INFO 12068 --- [stockman] [restartedMain] o.s.b.w.embedded.tomcat.TomcatWebServer  : Tomcat initialized with port 8080 (http)
2024-10-14T14:22:35.149+07:00  INFO 12068 --- [stockman] [restartedMain] o.apache.catalina.core.StandardService   : Starting service [Tomcat]
2024-10-14T14:22:35.149+07:00  INFO 12068 --- [stockman] [restartedMain] o.apache.catalina.core.StandardEngine    : Starting Servlet engine: [Apache Tomcat/10.1.30]
2024-10-14T14:22:35.189+07:00  INFO 12068 --- [stockman] [restartedMain] o.a.c.c.C.[Tomcat].[localhost].[/]       : Initializing Spring embedded WebApplicationContext
2024-10-14T14:22:35.190+07:00  INFO 12068 --- [stockman] [restartedMain] w.s.c.ServletWebServerApplicationContext : Root WebApplicationContext: initialization completed in 1045 ms
2024-10-14T14:22:35.314+07:00  INFO 12068 --- [stockman] [restartedMain] o.hibernate.jpa.internal.util.LogHelper  : HHH000204: Processing PersistenceUnitInfo [name: default]
2024-10-14T14:22:35.367+07:00  INFO 12068 --- [stockman] [restartedMain] org.hibernate.Version                    : HHH000412: Hibernate ORM core version 6.5.3.Final
2024-10-14T14:22:35.399+07:00  INFO 12068 --- [stockman] [restartedMain] o.h.c.internal.RegionFactoryInitiator    : HHH000026: Second-level cache disabled
2024-10-14T14:22:35.643+07:00  INFO 12068 --- [stockman] [restartedMain] o.s.o.j.p.SpringPersistenceUnitInfo      : No LoadTimeWeaver setup: ignoring JPA class transformer
2024-10-14T14:22:35.669+07:00  INFO 12068 --- [stockman] [restartedMain] com.zaxxer.hikari.HikariDataSource       : HikariPool-1 - Starting...
2024-10-14T14:22:35.956+07:00  INFO 12068 --- [stockman] [restartedMain] com.zaxxer.hikari.pool.HikariPool        : HikariPool-1 - Added connection com.mysql.cj.jdbc.ConnectionImpl@53d5e1b8
2024-10-14T14:22:35.958+07:00  INFO 12068 --- [stockman] [restartedMain] com.zaxxer.hikari.HikariDataSource       : HikariPool-1 - Start completed.
2024-10-14T14:22:36.750+07:00  INFO 12068 --- [stockman] [restartedMain] o.h.e.t.j.p.i.JtaPlatformInitiator       : HHH000489: No JTA platform available (set 'hibernate.transaction.jta.platform' to enable JTA platform integration)
2024-10-14T14:22:36.795+07:00  INFO 12068 --- [stockman] [restartedMain] j.LocalContainerEntityManagerFactoryBean : Initialized JPA EntityManagerFactory for persistence unit 'default'
2024-10-14T14:22:37.025+07:00  WARN 12068 --- [stockman] [restartedMain] JpaBaseConfiguration$JpaWebConfiguration : spring.jpa.open-in-view is enabled by default. Therefore, database queries may be performed during view rendering. Explicitly configure spring.jpa.open-in-view to disable this warning
2024-10-14T14:22:37.315+07:00  INFO 12068 --- [stockman] [restartedMain] o.s.b.d.a.OptionalLiveReloadServer       : LiveReload server is running on port 35729
2024-10-14T14:22:37.342+07:00  INFO 12068 --- [stockman] [restartedMain] o.s.b.w.embedded.tomcat.TomcatWebServer  : Tomcat started on port 8080 (http) with context path '/'
2024-10-14T14:22:37.350+07:00  INFO 12068 --- [stockman] [restartedMain] com.api.stockman.StockmanApplication     : Started StockmanApplication in 3.604 seconds (process running for 3.983)
2024-10-14T14:22:44.982+07:00  INFO 12068 --- [stockman] [http-nio-8080-exec-1] o.a.c.c.C.[Tomcat].[localhost].[/]       : Initializing Spring DispatcherServlet 'dispatcherServlet'
2024-10-14T14:22:44.983+07:00  INFO 12068 --- [stockman] [http-nio-8080-exec-1] o.s.web.servlet.DispatcherServlet        : Initializing Servlet 'dispatcherServlet'
2024-10-14T14:22:44.984+07:00  INFO 12068 --- [stockman] [http-nio-8080-exec-1] o.s.web.servlet.DispatcherServlet        : Completed initialization in 1 ms
2024-10-14T14:22:45.097+07:00 ERROR 12068 --- [stockman] [http-nio-8080-exec-1] c.a.s.controllers.StockmanController     : Error occurred while creating stock: Image path must be a valid PNG or JPG file.
2024-10-14T14:22:49.937+07:00  INFO 12068 --- [stockman] [http-nio-8080-exec-3] c.a.s.controllers.StockmanController     : Created new stock: Stock(id=14, name=refaldid, quantity=10, serialNumber=112233, additionalInfo={catatan=heyo}, imagePath=https://file-examples.com/storage/fea570b16e6703ef79e65b4/2017/10/file_example_JPG_100kB.jpg, createdAt=2024-10-14T14:22:49.864490, createdBy=admin, updatedAt=null, updatedBy=null)
2024-10-14T14:22:52.702+07:00  INFO 12068 --- [stockman] [http-nio-8080-exec-4] c.a.s.controllers.StockmanController     : Updated stock: Stock(id=2, name=refaldi, quantity=10, serialNumber=112233, additionalInfo={catatan=heyo}, imagePath=https://file-examples.com/storage/fea570b16e6703ef79e65b4/2017/10/file_example_JPG_100kB.jpg, createdAt=null, createdBy=null, updatedAt=2024-10-14T14:22:52.690352200, updatedBy=admin)
2024-10-14T14:22:56.350+07:00  INFO 12068 --- [stockman] [http-nio-8080-exec-2] c.a.s.controllers.StockmanController     : Deleted stock with id: 1
2024-10-14T14:22:58.232+07:00  INFO 12068 --- [stockman] [http-nio-8080-exec-9] c.a.s.controllers.StockmanController     : Deleted stock with id: 2
2024-10-14T14:23:03.884+07:00  INFO 12068 --- [stockman] [http-nio-8080-exec-6] c.a.s.controllers.StockmanController     : Listing stocks: [Stock(id=3, name=refaldi, quantity=10, serialNumber=112233, additionalInfo={catatan=heyo}, imagePath=imagePath, createdAt=null, createdBy=null, updatedAt=null, updatedBy=null), Stock(id=4, name=refaldi, quantity=10, serialNumber=112233, additionalInfo={catatan=heyo}, imagePath=imagePath, createdAt=null, createdBy=null, updatedAt=null, updatedBy=null), Stock(id=5, name=refaldi, quantity=10, serialNumber=112233, additionalInfo={catatan=heyo}, imagePath=imagePath, createdAt=null, createdBy=null, updatedAt=null, updatedBy=null), Stock(id=6, name=refaldi, quantity=10, serialNumber=112233, additionalInfo={catatan=heyo}, imagePath=imagePath, createdAt=2024-10-14T13:44:57.124049, createdBy=admin, updatedAt=2024-10-14T13:44:57.124049, updatedBy=admin), Stock(id=7, name=refaldi, quantity=10, serialNumber=112233, additionalInfo={catatan=heyo}, imagePath=imagePath, createdAt=2024-10-14T13:46:08.797190, createdBy=admin, updatedAt=null, updatedBy=null), Stock(id=8, name=refaldi, quantity=10, serialNumber=112233, additionalInfo={catatan=heyo}, imagePath=https://file-examples.com/storage/fea570b16e6703ef79e65b4/2017/10/file_example_JPG_100kB.jpg, createdAt=2024-10-14T14:07:33.143068, createdBy=admin, updatedAt=null, updatedBy=null), Stock(id=9, name=refaldi, quantity=10, serialNumber=112233, additionalInfo={catatan=heyo}, imagePath=https://file-examples.com/storage/fea570b16e6703ef79e65b4/2017/10/file_example_JPG_100kB.png, createdAt=2024-10-14T14:09:06.359179, createdBy=admin, updatedAt=null, updatedBy=null), Stock(id=10, name=refaldi, quantity=10, serialNumber=112233, additionalInfo={catatan=heyo}, imagePath=https://file-examples.com/storage/fea570b16e6703ef79e65b4/2017/10/file_example_JPG_100kB.jpg, createdAt=2024-10-14T14:10:39.123169, createdBy=admin, updatedAt=null, updatedBy=null), Stock(id=11, name=refaldid, quantity=10, serialNumber=112233, additionalInfo={catatan=heyo}, imagePath=https://file-examples.com/storage/fea570b16e6703ef79e65b4/2017/10/file_example_JPG_100kB.jpg, createdAt=2024-10-14T14:11:04.902090, createdBy=admin, updatedAt=null, updatedBy=null), Stock(id=12, name=refaldid, quantity=10, serialNumber=112233, additionalInfo={catatan=heyo}, imagePath=https://file-examples.com/storage/fea570b16e6703ef79e65b4/2017/10/file_example_JPG_100kB.jpg, createdAt=2024-10-14T14:12:46.987142, createdBy=admin, updatedAt=null, updatedBy=null), Stock(id=13, name=refaldid, quantity=10, serialNumber=112233, additionalInfo={catatan=heyo}, imagePath=https://file-examples.com/storage/fea570b16e6703ef79e65b4/2017/10/file_example_JPG_100kB.jpg, createdAt=2024-10-14T14:13:07.482485, createdBy=admin, updatedAt=null, updatedBy=null), Stock(id=14, name=refaldid, quantity=10, serialNumber=112233, additionalInfo={catatan=heyo}, imagePath=https://file-examples.com/storage/fea570b16e6703ef79e65b4/2017/10/file_example_JPG_100kB.jpg, createdAt=2024-10-14T14:22:49.864490, createdBy=admin, updatedAt=null, updatedBy=null)]
2024-10-14T14:23:09.019+07:00  INFO 12068 --- [stockman] [http-nio-8080-exec-7] c.a.s.controllers.StockmanController     : Detail stocks: Optional.empty
2024-10-14T14:23:11.303+07:00  INFO 12068 --- [stockman] [http-nio-8080-exec-8] c.a.s.controllers.StockmanController     : Detail stocks: Optional.empty
2024-10-14T14:23:13.887+07:00  INFO 12068 --- [stockman] [http-nio-8080-exec-5] c.a.s.controllers.StockmanController     : Detail stocks: Optional[Stock(id=3, name=refaldi, quantity=10, serialNumber=112233, additionalInfo={catatan=heyo}, imagePath=imagePath, createdAt=null, createdBy=null, updatedAt=null, updatedBy=null)]
2024-10-14T14:25:20.521+07:00  INFO 12068 --- [stockman] [SpringApplicationShutdownHook] j.LocalContainerEntityManagerFactoryBean : Closing JPA EntityManagerFactory for persistence unit 'default'
2024-10-14T14:25:20.524+07:00  INFO 12068 --- [stockman] [SpringApplicationShutdownHook] com.zaxxer.hikari.HikariDataSource       : HikariPool-1 - Shutdown initiated...
2024-10-14T14:25:20.531+07:00  INFO 12068 --- [stockman] [SpringApplicationShutdownHook] com.zaxxer.hikari.HikariDataSource       : HikariPool-1 - Shutdown completed.
